# JRE version: OpenJDK Runtime Environment Temurin-21.0.12.1+1 (21.0.12.1+1) (build 21.0.12.1+1-LTS)
# Java VM: OpenJDK 64-Bit Server VM Temurin-21.0.12.1+1 (21.0.12.1+1-LTS, mixed mode, sharing, tiered, compressed oops, compressed class ptrs, parallel gc, windows-amd64)
GC Precious Log:
 CardTable entry size: 512
 CPUs: 8 total, 8 available
 Memory: 8059M
 Large Page Support: Disabled
 NUMA Support: Disabled
 Compressed Oops: Enabled (32-bit)
 Alignments: Space 512K, Generation 512K, Heap 2M
 Heap Min Capacity: 100M
 Heap Initial Capacity: 100M
 Heap Max Capacity: 2G
 Pre-touch: Disabled
 Parallel Workers: 8
Heap:
 PSYoungGen      total 8192K, used 3890K [0x00000000d5580000, 0x00000000d6280000, 0x0000000100000000)
  eden space 7680K, 47% used [0x00000000d5580000,0x00000000d5907f58,0x00000000d5d00000)
  from space 512K, 53% used [0x00000000d6200000,0x00000000d6244900,0x00000000d6280000)
  to   space 1536K, 0% used [0x00000000d5f80000,0x00000000d5f80000,0x00000000d6100000)
 ParOldGen       total 442368K, used 441946K [0x0000000080000000, 0x000000009b000000, 0x00000000d5580000)
  object space 442368K, 99% used [0x0000000080000000,0x000000009af96a30,0x000000009b000000)
 Metaspace       used 73661K, committed 75072K, reserved 1179648K
  class space    used 7987K, committed 8576K, reserved 1048576K
GC Heap History (20 events):
Event: 306.679 GC heap before
{Heap before GC invocations=352 (full 3):
 PSYoungGen      total 8704K, used 8464K [0x00000000d5580000, 0x00000000d6180000, 0x0000000100000000)
  eden space 7680K, 100% used [0x00000000d5580000,0x00000000d5d00000,0x00000000d5d00000)
  from space 1024K, 76% used [0x00000000d6080000,0x00000000d6144010,0x00000000d6180000)
  to   space 1024K, 0% used [0x00000000d5e00000,0x00000000d5e00000,0x00000000d5f00000)
 ParOldGen       total 430080K, used 429964K [0x0000000080000000, 0x000000009a400000, 0x00000000d5580000)
  object space 430080K, 99% used [0x0000000080000000,0x000000009a3e31a0,0x000000009a400000)
 Metaspace       used 72255K, committed 73664K, reserved 1179648K
  class space    used 7814K, committed 8448K, reserved 1048576K
}
Event: 306.681 GC heap after
{Heap after GC invocations=352 (full 3):
 PSYoungGen      total 8704K, used 999K [0x00000000d5580000, 0x00000000d6400000, 0x0000000100000000)
  eden space 7680K, 0% used [0x00000000d5580000,0x00000000d5580000,0x00000000d5d00000)
  from space 1024K, 97% used [0x00000000d5e00000,0x00000000d5ef9fa0,0x00000000d5f00000)
  to   space 3584K, 0% used [0x00000000d6080000,0x00000000d6080000,0x00000000d6400000)
 ParOldGen       total 432128K, used 431825K [0x0000000080000000, 0x000000009a600000, 0x00000000d5580000)
  object space 432128K, 99% used [0x0000000080000000,0x000000009a5b4630,0x000000009a600000)
 Metaspace       used 72255K, committed 73664K, reserved 1179648K
  class space    used 7814K, committed 8448K, reserved 1048576K
}
Event: 306.710 GC heap before
{Heap before GC invocations=353 (full 3):
 PSYoungGen      total 8704K, used 8679K [0x00000000d5580000, 0x00000000d6400000, 0x0000000100000000)
  eden space 7680K, 100% used [0x00000000d5580000,0x00000000d5d00000,0x00000000d5d00000)
  from space 1024K, 97% used [0x00000000d5e00000,0x00000000d5ef9fa0,0x00000000d5f00000)
  to   space 3584K, 0% used [0x00000000d6080000,0x00000000d6080000,0x00000000d6400000)
 ParOldGen       total 432128K, used 431825K [0x0000000080000000, 0x000000009a600000, 0x00000000d5580000)
  object space 432128K, 99% used [0x0000000080000000,0x000000009a5b4630,0x000000009a600000)
 Metaspace       used 72255K, committed 73664K, reserved 1179648K
  class space    used 7814K, committed 8448K, reserved 1048576K
}
Event: 306.713 GC heap after
{Heap after GC invocations=353 (full 3):
 PSYoungGen      total 10240K, used 2118K [0x00000000d5580000, 0x00000000d6300000, 0x0000000100000000)
  eden space 7680K, 0% used [0x00000000d5580000,0x00000000d5580000,0x00000000d5d00000)
  from space 2560K, 82% used [0x00000000d6080000,0x00000000d6291b30,0x00000000d6300000)
  to   space 2560K, 0% used [0x00000000d5e00000,0x00000000d5e00000,0x00000000d6080000)
 ParOldGen       total 432128K, used 431921K [0x0000000080000000, 0x000000009a600000, 0x00000000d5580000)
  object space 432128K, 99% used [0x0000000080000000,0x000000009a5cc640,0x000000009a600000)
 Metaspace       used 72255K, committed 73664K, reserved 1179648K
  class space    used 7814K, committed 8448K, reserved 1048576K
}
Event: 307.110 GC heap before
{Heap before GC invocations=354 (full 3):
 PSYoungGen      total 10240K, used 9798K [0x00000000d5580000, 0x00000000d6300000, 0x0000000100000000)
  eden space 7680K, 100% used [0x00000000d5580000,0x00000000d5d00000,0x00000000d5d00000)
  from space 2560K, 82% used [0x00000000d6080000,0x00000000d6291b30,0x00000000d6300000)
  to   space 2560K, 0% used [0x00000000d5e00000,0x00000000d5e00000,0x00000000d6080000)
 ParOldGen       total 432128K, used 431921K [0x0000000080000000, 0x000000009a600000, 0x00000000d5580000)
  object space 432128K, 99% used [0x0000000080000000,0x000000009a5cc640,0x000000009a600000)
 Metaspace       used 72306K, committed 73728K, reserved 1179648K
  class space    used 7815K, committed 8448K, reserved 1048576K
}
Event: 307.123 GC heap after
{Heap after GC invocations=354 (full 3):
 PSYoungGen      total 10240K, used 2528K [0x00000000d5580000, 0x00000000d6700000, 0x0000000100000000)
  eden space 7680K, 0% used [0x00000000d5580000,0x00000000d5580000,0x00000000d5d00000)
  from space 2560K, 98% used [0x00000000d5e00000,0x00000000d6078050,0x00000000d6080000)
  to   space 5120K, 0% used [0x00000000d6200000,0x00000000d6200000,0x00000000d6700000)
 ParOldGen       total 434176K, used 434032K [0x0000000080000000, 0x000000009a800000, 0x00000000d5580000)
  object space 434176K, 99% used [0x0000000080000000,0x000000009a7dc170,0x000000009a800000)
 Metaspace       used 72306K, committed 73728K, reserved 1179648K
  class space    used 7815K, committed 8448K, reserved 1048576K
}
Event: 331.069 GC heap before
{Heap before GC invocations=355 (full 3):
 PSYoungGen      total 10240K, used 10208K [0x00000000d5580000, 0x00000000d6700000, 0x0000000100000000)
  eden space 7680K, 100% used [0x00000000d5580000,0x00000000d5d00000,0x00000000d5d00000)
  from space 2560K, 98% used [0x00000000d5e00000,0x00000000d6078050,0x00000000d6080000)
  to   space 5120K, 0% used [0x00000000d6200000,0x00000000d6200000,0x00000000d6700000)
 ParOldGen       total 434176K, used 434032K [0x0000000080000000, 0x000000009a800000, 0x00000000d5580000)
  object space 434176K, 99% used [0x0000000080000000,0x000000009a7dc170,0x000000009a800000)
 Metaspace       used 72769K, committed 74304K, reserved 1179648K
  class space    used 7890K, committed 8512K, reserved 1048576K
}
Event: 331.073 GC heap after
{Heap after GC invocations=355 (full 3):
 PSYoungGen      total 8192K, used 224K [0x00000000d5580000, 0x00000000d6280000, 0x0000000100000000)
  eden space 7680K, 0% used [0x00000000d5580000,0x00000000d5580000,0x00000000d5d00000)
  from space 512K, 43% used [0x00000000d6200000,0x00000000d6238000,0x00000000d6280000)
  to   space 2048K, 0% used [0x00000000d5e80000,0x00000000d5e80000,0x00000000d6080000)
 ParOldGen       total 436224K, used 436104K [0x0000000080000000, 0x000000009aa00000, 0x00000000d5580000)
  object space 436224K, 99% used [0x0000000080000000,0x000000009a9e21b0,0x000000009aa00000)
 Metaspace       used 72769K, committed 74304K, reserved 1179648K
  class space    used 7890K, committed 8512K, reserved 1048576K
}
Event: 331.129 GC heap before
{Heap before GC invocations=356 (full 3):
 PSYoungGen      total 8192K, used 7904K [0x00000000d5580000, 0x00000000d6280000, 0x0000000100000000)
  eden space 7680K, 100% used [0x00000000d5580000,0x00000000d5d00000,0x00000000d5d00000)
  from space 512K, 43% used [0x00000000d6200000,0x00000000d6238000,0x00000000d6280000)
  to   space 2048K, 0% used [0x00000000d5e80000,0x00000000d5e80000,0x00000000d6080000)
 ParOldGen       total 436224K, used 436104K [0x0000000080000000, 0x000000009aa00000, 0x00000000d5580000)
  object space 436224K, 99% used [0x0000000080000000,0x000000009a9e21b0,0x000000009aa00000)
 Metaspace       used 72985K, committed 74496K, reserved 1179648K
  class space    used 7911K, committed 8512K, reserved 1048576K
}
Event: 331.134 GC heap after
{Heap after GC invocations=356 (full 3):
 PSYoungGen      total 9728K, used 2031K [0x00000000d5580000, 0x00000000d6900000, 0x0000000100000000)
  eden space 7680K, 0% used [0x00000000d5580000,0x00000000d5580000,0x00000000d5d00000)
  from space 2048K, 99% used [0x00000000d5e80000,0x00000000d607be90,0x00000000d6080000)
  to   space 6144K, 0% used [0x00000000d6300000,0x00000000d6300000,0x00000000d6900000)
 ParOldGen       total 439296K, used 438973K [0x0000000080000000, 0x000000009ad00000, 0x00000000d5580000)
  object space 439296K, 99% used [0x0000000080000000,0x000000009acaf630,0x000000009ad00000)
 Metaspace       used 72985K, committed 74496K, reserved 1179648K
  class space    used 7911K, committed 8512K, reserved 1048576K
}
Event: 331.314 GC heap before
{Heap before GC invocations=357 (full 3):
 PSYoungGen      total 9728K, used 9711K [0x00000000d5580000, 0x00000000d6900000, 0x0000000100000000)
  eden space 7680K, 100% used [0x00000000d5580000,0x00000000d5d00000,0x00000000d5d00000)
  from space 2048K, 99% used [0x00000000d5e80000,0x00000000d607be90,0x00000000d6080000)
  to   space 6144K, 0% used [0x00000000d6300000,0x00000000d6300000,0x00000000d6900000)
 ParOldGen       total 439296K, used 438973K [0x0000000080000000, 0x000000009ad00000, 0x00000000d5580000)
  object space 439296K, 99% used [0x0000000080000000,0x000000009acaf630,0x000000009ad00000)
 Metaspace       used 73200K, committed 74752K, reserved 1179648K
  class space    used 7931K, committed 8576K, reserved 1048576K
}
Event: 331.321 GC heap after
{Heap after GC invocations=357 (full 3):
 PSYoungGen      total 10752K, used 3023K [0x00000000d5580000, 0x00000000d6600000, 0x0000000100000000)
  eden space 7680K, 0% used [0x00000000d5580000,0x00000000d5580000,0x00000000d5d00000)
  from space 3072K, 98% used [0x00000000d6300000,0x00000000d65f3e90,0x00000000d6600000)
  to   space 4096K, 0% used [0x00000000d5e00000,0x00000000d5e00000,0x00000000d6200000)
 ParOldGen       total 439808K, used 439421K [0x0000000080000000, 0x000000009ad80000, 0x00000000d5580000)
  object space 439808K, 99% used [0x0000000080000000,0x000000009ad1f630,0x000000009ad80000)
 Metaspace       used 73200K, committed 74752K, reserved 1179648K
  class space    used 7931K, committed 8576K, reserved 1048576K
}
Event: 338.439 GC heap before
{Heap before GC invocations=358 (full 3):
 PSYoungGen      total 10752K, used 10703K [0x00000000d5580000, 0x00000000d6600000, 0x0000000100000000)
  eden space 7680K, 100% used [0x00000000d5580000,0x00000000d5d00000,0x00000000d5d00000)
  from space 3072K, 98% used [0x00000000d6300000,0x00000000d65f3e90,0x00000000d6600000)
  to   space 4096K, 0% used [0x00000000d5e00000,0x00000000d5e00000,0x00000000d6200000)
 ParOldGen       total 439808K, used 439421K [0x0000000080000000, 0x000000009ad80000, 0x00000000d5580000)
  object space 439808K, 99% used [0x0000000080000000,0x000000009ad1f630,0x000000009ad80000)
 Metaspace       used 73217K, committed 74752K, reserved 1179648K
  class space    used 7933K, committed 8576K, reserved 1048576K
}
Event: 338.441 GC heap after
{Heap after GC invocations=358 (full 3):
 PSYoungGen      total 11776K, used 224K [0x00000000d5580000, 0x00000000d6380000, 0x0000000100000000)
  eden space 7680K, 0% used [0x00000000d5580000,0x00000000d5580000,0x00000000d5d00000)
  from space 4096K, 5% used [0x00000000d5e00000,0x00000000d5e38000,0x00000000d6200000)
  to   space 1536K, 0% used [0x00000000d6200000,0x00000000d6200000,0x00000000d6380000)
 ParOldGen       total 439808K, used 439642K [0x0000000080000000, 0x000000009ad80000, 0x00000000d5580000)
  object space 439808K, 99% used [0x0000000080000000,0x000000009ad56a30,0x000000009ad80000)
 Metaspace       used 73217K, committed 74752K, reserved 1179648K
  class space    used 7933K, committed 8576K, reserved 1048576K
}
Event: 338.460 GC heap before
{Heap before GC invocations=359 (full 3):
 PSYoungGen      total 11776K, used 7904K [0x00000000d5580000, 0x00000000d6380000, 0x0000000100000000)
  eden space 7680K, 100% used [0x00000000d5580000,0x00000000d5d00000,0x00000000d5d00000)
  from space 4096K, 5% used [0x00000000d5e00000,0x00000000d5e38000,0x00000000d6200000)
  to   space 1536K, 0% used [0x00000000d6200000,0x00000000d6200000,0x00000000d6380000)
 ParOldGen       total 439808K, used 439642K [0x0000000080000000, 0x000000009ad80000, 0x00000000d5580000)
  object space 439808K, 99% used [0x0000000080000000,0x000000009ad56a30,0x000000009ad80000)
 Metaspace       used 73223K, committed 74752K, reserved 1179648K
  class space    used 7933K, committed 8576K, reserved 1048576K
}
Event: 338.461 GC heap after
{Heap after GC invocations=359 (full 3):
 PSYoungGen      total 8704K, used 704K [0x00000000d5580000, 0x00000000d6300000, 0x0000000100000000)
  eden space 7680K, 0% used [0x00000000d5580000,0x00000000d5580000,0x00000000d5d00000)
  from space 1024K, 68% used [0x00000000d6200000,0x00000000d62b0000,0x00000000d6300000)
  to   space 1024K, 0% used [0x00000000d6100000,0x00000000d6100000,0x00000000d6200000)
 ParOldGen       total 439808K, used 439714K [0x0000000080000000, 0x000000009ad80000, 0x00000000d5580000)
  object space 439808K, 99% used [0x0000000080000000,0x000000009ad68a30,0x000000009ad80000)
 Metaspace       used 73223K, committed 74752K, reserved 1179648K
  class space    used 7933K, committed 8576K, reserved 1048576K
}
Event: 373.737 GC heap before
{Heap before GC invocations=360 (full 3):
 PSYoungGen      total 8704K, used 8384K [0x00000000d5580000, 0x00000000d6300000, 0x0000000100000000)
  eden space 7680K, 100% used [0x00000000d5580000,0x00000000d5d00000,0x00000000d5d00000)
  from space 1024K, 68% used [0x00000000d6200000,0x00000000d62b0000,0x00000000d6300000)
  to   space 1024K, 0% used [0x00000000d6100000,0x00000000d6100000,0x00000000d6200000)
 ParOldGen       total 439808K, used 439714K [0x0000000080000000, 0x000000009ad80000, 0x00000000d5580000)
  object space 439808K, 99% used [0x0000000080000000,0x000000009ad68a30,0x000000009ad80000)
 Metaspace       used 73292K, committed 74816K, reserved 1179648K
  class space    used 7933K, committed 8576K, reserved 1048576K
}
Event: 373.741 GC heap after
{Heap after GC invocations=360 (full 3):
 PSYoungGen      total 8704K, used 1007K [0x00000000d5580000, 0x00000000d6500000, 0x0000000100000000)
  eden space 7680K, 0% used [0x00000000d5580000,0x00000000d5580000,0x00000000d5d00000)
  from space 1024K, 98% used [0x00000000d6100000,0x00000000d61fbe90,0x00000000d6200000)
  to   space 3072K, 0% used [0x00000000d6200000,0x00000000d6200000,0x00000000d6500000)
 ParOldGen       total 442368K, used 441906K [0x0000000080000000, 0x000000009b000000, 0x00000000d5580000)
  object space 442368K, 99% used [0x0000000080000000,0x000000009af8ca30,0x000000009b000000)
 Metaspace       used 73292K, committed 74816K, reserved 1179648K
  class space    used 7933K, committed 8576K, reserved 1048576K
}
Event: 441.362 GC heap before
{Heap before GC invocations=361 (full 3):
 PSYoungGen      total 8704K, used 8687K [0x00000000d5580000, 0x00000000d6500000, 0x0000000100000000)
  eden space 7680K, 100% used [0x00000000d5580000,0x00000000d5d00000,0x00000000d5d00000)
  from space 1024K, 98% used [0x00000000d6100000,0x00000000d61fbe90,0x00000000d6200000)
  to   space 3072K, 0% used [0x00000000d6200000,0x00000000d6200000,0x00000000d6500000)
 ParOldGen       total 442368K, used 441906K [0x0000000080000000, 0x000000009b000000, 0x00000000d5580000)
  object space 442368K, 99% used [0x0000000080000000,0x000000009af8ca30,0x000000009b000000)
 Metaspace       used 73416K, committed 74880K, reserved 1179648K
  class space    used 7945K, committed 8576K, reserved 1048576K
}
Event: 441.363 GC heap after
{Heap after GC invocations=361 (full 3):
 PSYoungGen      total 8192K, used 274K [0x00000000d5580000, 0x00000000d6280000, 0x0000000100000000)
  eden space 7680K, 0% used [0x00000000d5580000,0x00000000d5580000,0x00000000d5d00000)
  from space 512K, 53% used [0x00000000d6200000,0x00000000d6244900,0x00000000d6280000)
  to   space 1536K, 0% used [0x00000000d5f80000,0x00000000d5f80000,0x00000000d6100000)
 ParOldGen       total 442368K, used 441946K [0x0000000080000000, 0x000000009b000000, 0x00000000d5580000)
  object space 442368K, 99% used [0x0000000080000000,0x000000009af96a30,0x000000009b000000)
 Metaspace       used 73416K, committed 74880K, reserved 1179648K
  class space    used 7945K, committed 8576K, reserved 1048576K
}

